> Task :checkKotlinGradlePluginConfigurationErrors SKIPPED
> Task :processResources UP-TO-DATE

> Task :compileKotlin FAILED
e: file:///Users/seonghoyu/Desktop/develop/TrueTrip/backend/src/main/kotlin/com/spring/truetrip/config/WebConfig.kt:4:30 Unresolved reference 'module'.
e: file:///Users/seonghoyu/Desktop/develop/TrueTrip/backend/src/main/kotlin/com/spring/truetrip/config/WebConfig.kt:22:46 Unresolved reference 'KotlinModule'.

FAILURE: Build failed with an exception.

* What went wrong:
Execution failed for task ':compileKotlin'.
> A failure occurred while executing org.jetbrains.kotlin.compilerRunner.GradleCompilerRunnerWithWorkers$GradleKotlinCompilerWorkAction
   > Compilation error. See log for more details

* Try:
> Run with --stacktrace option to get the stack trace.
> Run with --info or --debug option to get more log output.
> Run with --scan to generate a Build Scan (powered by Develocity).
> Get more help at https://help.gradle.org.

BUILD FAILED in 533ms
2 actionable tasks: 1 executed, 1 up-to-date
